Release 14.7 - xst P.20131013 (nt64)
Copyright (c) 1995-2013 Xilinx, Inc.  All rights reserved.
--> Parameter TMPDIR set to xst/projnav.tmp


Total REAL time to Xst completion: 0.00 secs
Total CPU time to Xst completion: 0.08 secs
 
--> Parameter xsthdpdir set to xst


Total REAL time to Xst completion: 0.00 secs
Total CPU time to Xst completion: 0.08 secs
 
--> Reading design: key_gene.prj

TABLE OF CONTENTS
  1) Synthesis Options Summary
  2) HDL Parsing
  3) HDL Elaboration
  4) HDL Synthesis
       4.1) HDL Synthesis Report
  5) Advanced HDL Synthesis
       5.1) Advanced HDL Synthesis Report
  6) Low Level Synthesis
  7) Partition Report
  8) Design Summary
       8.1) Primitive and Black Box Usage
       8.2) Device utilization summary
       8.3) Partition Resource Summary
       8.4) Timing Report
            8.4.1) Clock Information
            8.4.2) Asynchronous Control Signals Information
            8.4.3) Timing Summary
            8.4.4) Timing Details
            8.4.5) Cross Clock Domains Report


=========================================================================
*                      Synthesis Options Summary                        *
=========================================================================
---- Source Parameters
Input File Name                    : "key_gene.prj"
Ignore Synthesis Constraint File   : NO

---- Target Parameters
Output File Name                   : "key_gene"
Output Format                      : NGC
Target Device                      : xc6slx150t-3-fgg676

---- Source Options
Top Module Name                    : key_gene
Automatic FSM Extraction           : YES
FSM Encoding Algorithm             : Auto
Safe Implementation                : No
FSM Style                          : LUT
RAM Extraction                     : Yes
RAM Style                          : Auto
ROM Extraction                     : Yes
Shift Register Extraction          : YES
ROM Style                          : Auto
Resource Sharing                   : YES
Asynchronous To Synchronous        : NO
Shift Register Minimum Size        : 2
Use DSP Block                      : Auto
Automatic Register Balancing       : No

---- Target Options
LUT Combining                      : Auto
Reduce Control Sets                : Auto
Add IO Buffers                     : YES
Global Maximum Fanout              : 100000
Add Generic Clock Buffer(BUFG)     : 16
Register Duplication               : YES
Optimize Instantiated Primitives   : NO
Use Clock Enable                   : Auto
Use Synchronous Set                : Auto
Use Synchronous Reset              : Auto
Pack IO Registers into IOBs        : Auto
Equivalent register Removal        : YES

---- General Options
Optimization Goal                  : Speed
Optimization Effort                : 1
Power Reduction                    : NO
Keep Hierarchy                     : No
Netlist Hierarchy                  : As_Optimized
RTL Output                         : Yes
Global Optimization                : AllClockNets
Read Cores                         : YES
Write Timing Constraints           : NO
Cross Clock Analysis               : NO
Hierarchy Separator                : /
Bus Delimiter                      : <>
Case Specifier                     : Maintain
Slice Utilization Ratio            : 100
BRAM Utilization Ratio             : 100
DSP48 Utilization Ratio            : 100
Auto BRAM Packing                  : NO
Slice Utilization Ratio Delta      : 5

=========================================================================


=========================================================================
*                          HDL Parsing                                  *
=========================================================================
Analyzing Verilog file "E:\Encryption\RC4\RC4\key_gene.v" into library work
Parsing module <key_gene>.

=========================================================================
*                            HDL Elaboration                            *
=========================================================================

Elaborating module <key_gene>.
WARNING:HDLCompiler:413 - "E:\Encryption\RC4\RC4\key_gene.v" Line 46: Result of 9-bit expression is truncated to fit in 8-bit target.
WARNING:HDLCompiler:413 - "E:\Encryption\RC4\RC4\key_gene.v" Line 57: Result of 9-bit expression is truncated to fit in 8-bit target.
WARNING:HDLCompiler:413 - "E:\Encryption\RC4\RC4\key_gene.v" Line 65: Result of 10-bit expression is truncated to fit in 9-bit target.
WARNING:HDLCompiler:413 - "E:\Encryption\RC4\RC4\key_gene.v" Line 87: Result of 9-bit expression is truncated to fit in 8-bit target.
WARNING:HDLCompiler:1127 - "E:\Encryption\RC4\RC4\key_gene.v" Line 53: Assignment to key ignored, since the identifier is never used

=========================================================================
*                           HDL Synthesis                               *
=========================================================================

Synthesizing Unit <key_gene>.
    Related source file is "E:\Encryption\RC4\RC4\key_gene.v".
        INIT = 2'b00
        KEY_GENE = 2'b01
        EN_DE_CODE = 2'b10
WARNING:Xst:647 - Input <key_init> is never used. This port will be preserved and left unconnected if it belongs to a top-level block or it belongs to a sub-block and the hierarchy of this sub-block is preserved.
WARNING:Xst:647 - Input <key_rvalid> is never used. This port will be preserved and left unconnected if it belongs to a top-level block or it belongs to a sub-block and the hierarchy of this sub-block is preserved.
    Found 1-bit register for signal <data_rready>.
    Found 9-bit register for signal <count>.
    Found 9-bit adder for signal <count[8]_GND_1_o_add_2_OUT> created at line 65.
    Found 9-bit comparator greater for signal <count[8]_PWR_1_o_LessThan_2_o> created at line 64
    Summary:
	inferred   1 Adder/Subtractor(s).
	inferred  10 D-type flip-flop(s).
	inferred   1 Comparator(s).
Unit <key_gene> synthesized.

=========================================================================
HDL Synthesis Report

Macro Statistics
# Adders/Subtractors                                   : 1
 9-bit adder                                           : 1
# Registers                                            : 2
 1-bit register                                        : 1
 9-bit register                                        : 1
# Comparators                                          : 1
 9-bit comparator greater                              : 1

=========================================================================

=========================================================================
*                       Advanced HDL Synthesis                          *
=========================================================================


Synthesizing (advanced) Unit <key_gene>.
The following registers are absorbed into counter <count>: 1 register on signal <count>.
Unit <key_gene> synthesized (advanced).

=========================================================================
Advanced HDL Synthesis Report

Macro Statistics
# Counters                                             : 1
 9-bit up counter                                      : 1
# Registers                                            : 1
 Flip-Flops                                            : 1
# Comparators                                          : 1
 9-bit comparator greater                              : 1

=========================================================================

=========================================================================
*                         Low Level Synthesis                           *
=========================================================================

Optimizing unit <key_gene> ...

Mapping all equations...
Building and optimizing final netlist ...
Found area constraint ratio of 100 (+ 5) on block key_gene, actual ratio is 0.

Final Macro Processing ...

=========================================================================
Final Register Report

Macro Statistics
# Registers                                            : 10
 Flip-Flops                                            : 10

=========================================================================

=========================================================================
*                           Partition Report                            *
=========================================================================

Partition Implementation Status
-------------------------------

  No Partitions were found in this design.

-------------------------------

=========================================================================
*                            Design Summary                             *
=========================================================================

Top Level Output File Name         : key_gene.ngc

Primitive and Black Box Usage:
------------------------------
# BELS                             : 36
#      GND                         : 1
#      INV                         : 2
#      LUT1                        : 8
#      LUT2                        : 2
#      LUT3                        : 1
#      LUT5                        : 1
#      LUT6                        : 3
#      MUXCY                       : 8
#      VCC                         : 1
#      XORCY                       : 9
# FlipFlops/Latches                : 10
#      FDC                         : 1
#      FDRE                        : 9
# Clock Buffers                    : 1
#      BUFGP                       : 1
# IO Buffers                       : 4
#      IBUF                        : 3
#      OBUF                        : 1

Device utilization summary:
---------------------------

Selected Device : 6slx150tfgg676-3 


Slice Logic Utilization: 
 Number of Slice Registers:              10  out of  184304     0%  
 Number of Slice LUTs:                   17  out of  92152     0%  
    Number used as Logic:                17  out of  92152     0%  

Slice Logic Distribution: 
 Number of LUT Flip Flop pairs used:     17
   Number with an unused Flip Flop:       7  out of     17    41%  
   Number with an unused LUT:             0  out of     17     0%  
   Number of fully used LUT-FF pairs:    10  out of     17    58%  
   Number of unique control sets:         2

IO Utilization: 
 Number of IOs:                          14
 Number of bonded IOBs:                   5  out of    396     1%  

Specific Feature Utilization:
 Number of BUFG/BUFGCTRLs:                1  out of     16     6%  

---------------------------
Partition Resource Summary:
---------------------------

  No Partitions were found in this design.

---------------------------


=========================================================================
Timing Report

NOTE: THESE TIMING NUMBERS ARE ONLY A SYNTHESIS ESTIMATE.
      FOR ACCURATE TIMING INFORMATION PLEASE REFER TO THE TRACE REPORT
      GENERATED AFTER PLACE-and-ROUTE.

Clock Information:
------------------
-----------------------------------+------------------------+-------+
Clock Signal                       | Clock buffer(FF name)  | Load  |
-----------------------------------+------------------------+-------+
clk                                | BUFGP                  | 10    |
-----------------------------------+------------------------+-------+

Asynchronous Control Signals Information:
----------------------------------------
No asynchronous control signals found in this design

Timing Summary:
---------------
Speed Grade: -3

   Minimum period: 3.601ns (Maximum Frequency: 277.712MHz)
   Minimum input arrival time before clock: 3.591ns
   Maximum output required time after clock: 3.634ns
   Maximum combinational path delay: No path found

Timing Details:
---------------
All values displayed in nanoseconds (ns)

=========================================================================
Timing constraint: Default period analysis for Clock 'clk'
  Clock period: 3.601ns (frequency: 277.712MHz)
  Total number of paths / destination ports: 136 / 19
-------------------------------------------------------------------------
Delay:               3.601ns (Levels of Logic = 2)
  Source:            count_5 (FF)
  Destination:       count_0 (FF)
  Source Clock:      clk rising
  Destination Clock: clk rising

  Data Path: count_5 to count_0
                                Gate     Net
    Cell:in->out      fanout   Delay   Delay  Logical Name (Net Name)
    ----------------------------------------  ------------
     FDRE:C->Q             3   0.447   1.015  count_5 (count_5)
     LUT6:I0->O            1   0.203   0.580  _n0032_inv2_SW1 (N5)
     LUT6:I5->O            9   0.205   0.829  _n0035_inv1 (_n0035_inv)
     FDRE:CE                   0.322          count_0
    ----------------------------------------
    Total                      3.601ns (1.177ns logic, 2.424ns route)
                                       (32.7% logic, 67.3% route)

=========================================================================
Timing constraint: Default OFFSET IN BEFORE for Clock 'clk'
  Total number of paths / destination ports: 57 / 20
-------------------------------------------------------------------------
Offset:              3.591ns (Levels of Logic = 2)
  Source:            NS<0> (PAD)
  Destination:       count_0 (FF)
  Destination Clock: clk rising

  Data Path: NS<0> to count_0
                                Gate     Net
    Cell:in->out      fanout   Delay   Delay  Logical Name (Net Name)
    ----------------------------------------  ------------
     IBUF:I->O             3   1.222   1.015  NS_0_IBUF (NS_0_IBUF)
     LUT6:I0->O            9   0.203   0.829  _n0035_inv1 (_n0035_inv)
     FDRE:CE                   0.322          count_0
    ----------------------------------------
    Total                      3.591ns (1.747ns logic, 1.844ns route)
                                       (48.6% logic, 51.4% route)

=========================================================================
Timing constraint: Default OFFSET OUT AFTER for Clock 'clk'
  Total number of paths / destination ports: 1 / 1
-------------------------------------------------------------------------
Offset:              3.634ns (Levels of Logic = 1)
  Source:            finish (FF)
  Destination:       data_rready (PAD)
  Source Clock:      clk rising

  Data Path: finish to data_rready
                                Gate     Net
    Cell:in->out      fanout   Delay   Delay  Logical Name (Net Name)
    ----------------------------------------  ------------
     FDC:C->Q              2   0.447   0.616  finish (finish)
     OBUF:I->O                 2.571          data_rready_OBUF (data_rready)
    ----------------------------------------
    Total                      3.634ns (3.018ns logic, 0.616ns route)
                                       (83.0% logic, 17.0% route)

=========================================================================

Cross Clock Domains Report:
--------------------------

Clock to Setup on destination clock clk
---------------+---------+---------+---------+---------+
               | Src:Rise| Src:Fall| Src:Rise| Src:Fall|
Source Clock   |Dest:Rise|Dest:Rise|Dest:Fall|Dest:Fall|
---------------+---------+---------+---------+---------+
clk            |    3.601|         |         |         |
---------------+---------+---------+---------+---------+

=========================================================================


Total REAL time to Xst completion: 5.00 secs
Total CPU time to Xst completion: 5.01 secs
 
--> 

Total memory usage is 257144 kilobytes

Number of errors   :    0 (   0 filtered)
Number of warnings :    7 (   0 filtered)
Number of infos    :    0 (   0 filtered)

